<?xml version="1.0" encoding="UTF-8"?>
<!-- Generated by org.testng.reporters.JUnitReportReporter -->
<testsuite hostname="SAIs-MacBook-Air.local" failures="0" tests="3" name="com.tutorialsninja.qa.testcases.SearchTest" time="38.227" errors="0" timestamp="2023-08-01T12:08:11 IST" skipped="0">
  <testcase classname="com.tutorialsninja.qa.testcases.SearchTest" name="searchForValidProduct" time="11.323"/>
  <system-out/>
  <testcase classname="com.tutorialsninja.qa.testcases.SearchTest" name="searchForInvalidProduct" time="11.383"/>
  <system-out/>
  <testcase classname="com.tutorialsninja.qa.testcases.SearchTest" name="searchWithEnteringAnything" time="15.521"/>
  <system-out/>
</testsuite> <!-- com.tutorialsninja.qa.testcases.SearchTest -->
