<?xml version="1.0" encoding="UTF-8"?>
<!-- Generated by org.testng.reporters.JUnitReportReporter -->
<testsuite hostname="SAIs-MacBook-Air.local" failures="0" tests="1" name="com.tutorialsninja.qa.utils.ExtentReporter2" time="20.918" errors="0" timestamp="2023-07-25T15:36:49 IST" skipped="0">
  <testcase classname="com.tutorialsninja.qa.utils.ExtentReporter2" name="generateExtentReport" time="20.918"/>
  <system-out/>
</testsuite> <!-- com.tutorialsninja.qa.utils.ExtentReporter2 -->
