<?xml version="1.0" encoding="UTF-8"?>
<!-- Generated by org.testng.reporters.JUnitReportReporter -->
<testsuite hostname="SAIs-MacBook-Air.local" failures="0" tests="1" name="com.tutorialsninja.qa.base.DatePicker" time="66.756" errors="0" timestamp="2023-07-27T18:20:32 IST" skipped="0">
  <testcase classname="com.tutorialsninja.qa.base.DatePicker" name="datePickerDemo" time="66.756"/>
  <system-out/>
</testsuite> <!-- com.tutorialsninja.qa.base.DatePicker -->
