<?xml version="1.0" encoding="UTF-8"?>
<!-- Generated by org.testng.reporters.JUnitReportReporter -->
<testsuite hostname="SAIs-MacBook-Air.local" failures="0" tests="1" name="com.tutorialsninja.qa.testcases.EditInfoTest" time="28.209" errors="0" timestamp="2023-08-01T12:00:01 IST" skipped="0">
  <testcase classname="com.tutorialsninja.qa.testcases.EditInfoTest" name="editInfo" time="28.209"/>
  <system-out/>
</testsuite> <!-- com.tutorialsninja.qa.testcases.EditInfoTest -->
