<?xml version="1.0" encoding="UTF-8"?>
<!-- Generated by org.testng.reporters.JUnitReportReporter -->
<testsuite hostname="SAIs-MacBook-Air.local" failures="0" tests="2" name="com.tutorialsninja.qa.base.DatePickerDemo2" time="46.342" errors="0" timestamp="2023-07-27T13:11:50 IST" skipped="1">
  <testcase classname="com.tutorialsninja.qa.base.DatePickerDemo2" name="datePickerDemo" time="46.342"/>
  <system-out/>
  <testcase classname="com.tutorialsninja.qa.base.DatePickerDemo2" name="pickDate">
    <skipped/>
  </testcase> <!-- pickDate -->
  <system-out/>
</testsuite> <!-- com.tutorialsninja.qa.base.DatePickerDemo2 -->
