<?xml version="1.0" encoding="UTF-8"?>
<!-- Generated by org.testng.reporters.JUnitReportReporter -->
<testsuite hostname="SAIs-MacBook-Air.local" failures="0" tests="1" name="com.tutorialsninja.qa.base.DatePickerDemo6" time="36.504" errors="0" timestamp="2023-07-27T17:29:28 IST" skipped="0">
  <testcase classname="com.tutorialsninja.qa.base.DatePickerDemo6" name="datePickerDemo" time="36.504"/>
  <system-out/>
</testsuite> <!-- com.tutorialsninja.qa.base.DatePickerDemo6 -->
