<?xml version="1.0" encoding="UTF-8"?>
<!-- Generated by org.testng.reporters.JUnitReportReporter -->
<testsuite hostname="SAIs-MacBook-Air.local" failures="0" tests="4" name="com.tutorialsninja.qa.testcases.LoginTest" time="276.986" errors="0" timestamp="2023-08-01T12:59:49 IST" skipped="2">
  <testcase classname="com.tutorialsninja.qa.testcases.LoginTest" name="verifyWithValidCredentails" time="137.647"/>
  <system-out/>
  <testcase classname="com.tutorialsninja.qa.testcases.LoginTest" name="verifyWithInvalidCredentials" time="139.339"/>
  <system-out/>
  <testcase classname="com.tutorialsninja.qa.testcases.LoginTest" name="verifyWithValidMailAndInvalidPassword">
    <skipped/>
  </testcase> <!-- verifyWithValidMailAndInvalidPassword -->
  <system-out/>
  <testcase classname="com.tutorialsninja.qa.testcases.LoginTest" name="verifyWithInvalidMailAndValidPassword">
    <skipped/>
  </testcase> <!-- verifyWithInvalidMailAndValidPassword -->
  <system-out/>
</testsuite> <!-- com.tutorialsninja.qa.testcases.LoginTest -->
