<?xml version="1.0" encoding="UTF-8"?>
<!-- Generated by org.testng.reporters.JUnitReportReporter -->
<testsuite hostname="SAIs-MacBook-Air.local" failures="0" tests="1" name="com.tutorialsninja.qa.base.WindowHandleDemo" time="62.746" errors="0" timestamp="2023-07-28T12:52:09 IST" skipped="0">
  <testcase classname="com.tutorialsninja.qa.base.WindowHandleDemo" name="switchToNaukri" time="62.746"/>
  <system-out/>
</testsuite> <!-- com.tutorialsninja.qa.base.WindowHandleDemo -->
