<?xml version="1.0" encoding="UTF-8"?>
<!-- Generated by org.testng.reporters.JUnitReportReporter -->
<testsuite hostname="SAIs-MacBook-Air.local" failures="0" tests="1" name="com.tutorialsninja.qa.base.DatePickerDemo5" time="34.564" errors="0" timestamp="2023-07-27T17:14:07 IST" skipped="0">
  <testcase classname="com.tutorialsninja.qa.base.DatePickerDemo5" name="datePickerDemo" time="34.564"/>
  <system-out/>
</testsuite> <!-- com.tutorialsninja.qa.base.DatePickerDemo5 -->
