<?xml version="1.0" encoding="UTF-8"?>
<!-- Generated by org.testng.reporters.JUnitReportReporter -->
<testsuite hostname="SAIs-MacBook-Air.local" failures="0" tests="2" name="com.tutorialsninja.qa.base.DatePickerDemo3" time="29.972" errors="0" timestamp="2023-07-27T16:44:37 IST" skipped="1">
  <testcase classname="com.tutorialsninja.qa.base.DatePickerDemo3" name="datePickerDemo" time="29.972"/>
  <system-out/>
  <testcase classname="com.tutorialsninja.qa.base.DatePickerDemo3" name="pickDate">
    <skipped/>
  </testcase> <!-- pickDate -->
  <system-out/>
</testsuite> <!-- com.tutorialsninja.qa.base.DatePickerDemo3 -->
